<?xml version="1.0" encoding="UTF-8"?>
<!-- Generated by org.testng.reporters.JUnitReportReporter -->
<testsuite skipped="0" hostname="swethas-MBP" name="NewTest" tests="1" failures="0" timestamp="2021-12-16T10:55:17 CST" time="5.744" errors="0">
  <testcase name="test" time="5.744" classname="NewTest"/>
  <system-out/>
</testsuite> <!-- NewTest -->
