<?xml version="1.0" encoding="UTF-8"?>
<!-- Generated by org.testng.reporters.JUnitReportReporter -->
<testsuite skipped="0" hostname="swethas-MBP" name="Register" tests="1" failures="0" timestamp="2021-12-21T13:06:37 CST" time="18.793" errors="0">
  <testcase name="Reg" time="18.793" classname="Register"/>
  <system-out/>
</testsuite> <!-- Register -->
