<?xml version="1.0" encoding="UTF-8"?>
<!-- Generated by org.testng.reporters.JUnitReportReporter -->
<testsuite skipped="0" hostname="swethas-MBP" name="NewTestTest" tests="1" failures="0" timestamp="2021-12-17T00:27:27 CST" time="1.878" errors="0">
  <testcase name="LoginApp" time="1.878" classname="NewTestTest"/>
  <system-out/>
</testsuite> <!-- NewTestTest -->
